./O&M(Operation and Maintenance)/容器及云平台/kubernets&etcd&fannel&docker/k8s v1.14/PKI相关.txt
./O&M(Operation and Maintenance)/容器及云平台/kubernets&etcd&fannel&docker/k8s v1.14/汇总-docker-18.09.06+k8s-v1.14+flannel-v0.11.0+etcd-v3.3.txt
./O&M(Operation and Maintenance)/容器及云平台/kubernets&etcd&fannel&docker/k8s v1.14/TLS bootstrapping.txt
./O&M(Operation and Maintenance)/容器及云平台/kubernets&etcd&fannel&docker/k8s v1.14/etcd/etcd证书及启动.txt
./O&M(Operation and Maintenance)/容器及云平台/kubernets&etcd&fannel&docker/k8s v1.14/etcd/PKI相关.txt
./O&M(Operation and Maintenance)/容器及云平台/kubernets&etcd&fannel&docker/k8s v1.14/dns.txt
./O&M(Operation and Maintenance)/容器及云平台/kubernets&etcd&fannel&docker/k8s v1.8/参数解释/kube-scheduler全部非实验性参数(英文).txt
./O&M(Operation and Maintenance)/容器及云平台/kubernets&etcd&fannel&docker/k8s v1.8/参数解释/kube-proxy全部非实验性参数翻译.txt
./O&M(Operation and Maintenance)/容器及云平台/kubernets&etcd&fannel&docker/k8s v1.8/参数解释/kube-proxy全部非实验性参数(英文).txt
./O&M(Operation and Maintenance)/容器及云平台/kubernets&etcd&fannel&docker/k8s v1.8/参数解释/kubelet全部非实验性参数(英文).txt
./O&M(Operation and Maintenance)/容器及云平台/kubernets&etcd&fannel&docker/k8s v1.8/参数解释/kube-apiserver全部非实验性参数(英文).txt
./O&M(Operation and Maintenance)/容器及云平台/kubernets&etcd&fannel&docker/k8s v1.8/参数解释/kube-controller-manager全部非实验性参数(英文).txt
./O&M(Operation and Maintenance)/容器及云平台/kubernets&etcd&fannel&docker/k8s v1.8/参数解释/kubelet全部非实验性参数翻译.txt
./O&M(Operation and Maintenance)/容器及云平台/kubernets&etcd&fannel&docker/k8s v1.8/参数解释/kube-scheduler全部非实验性参数翻译.txt
./O&M(Operation and Maintenance)/容器及云平台/kubernets&etcd&fannel&docker/k8s v1.8/参数解释/kube-apiserver全部非实验性参数翻译.txt
./O&M(Operation and Maintenance)/容器及云平台/kubernets&etcd&fannel&docker/k8s v1.8/参数解释/kube-controller-manager全部非实验性参数翻译.txt
./O&M(Operation and Maintenance)/容器及云平台/kubernets&etcd&fannel&docker/k8s v1.8/认证模式/k8s证书生成.txt
./O&M(Operation and Maintenance)/容器及云平台/kubernets&etcd&fannel&docker/k8s v1.8/认证模式/kubelet认证及授权方式.txt
./O&M(Operation and Maintenance)/容器及云平台/kubernets&etcd&fannel&docker/k8s v1.8/认证模式/官方x509证书服务端.txt
./O&M(Operation and Maintenance)/容器及云平台/kubernets&etcd&fannel&docker/k8s v1.8/认证模式/bootstrap.txt
./O&M(Operation and Maintenance)/容器及云平台/kubernets&etcd&fannel&docker/k8s v1.8/api server注意事项.txt
./O&M(Operation and Maintenance)/容器及云平台/kubernets&etcd&fannel&docker/k8s v1.8/资源.txt
./O&M(Operation and Maintenance)/容器及云平台/kubernets&etcd&fannel&docker/k8s v1.8/kubelet注意事项.txt
./O&M(Operation and Maintenance)/容器及云平台/kubernets&etcd&fannel&docker/k8s v1.8/kube-controller-manager注意事项.txt
./O&M(Operation and Maintenance)/容器及云平台/kubernets&etcd&fannel&docker/k8s v1.8/汇总-docker17.03+k8s-v1.8.7+flannel-v0.10.0+etcd-v3.2.txt
./O&M(Operation and Maintenance)/容器及云平台/kubernets&etcd&fannel&docker/k8s v1.8/docker镜像制作.txt
./O&M(Operation and Maintenance)/容器及云平台/kubernets&etcd&fannel&docker/汇总(最原始docker 1.12,k8s 1.3).txt
./O&M(Operation and Maintenance)/容器及云平台/kubernets&etcd&fannel&docker/新镜像注意.txt
./O&M(Operation and Maintenance)/容器及云平台/kubernets&etcd&fannel&docker/rc,service,pod标准定义文件.txt
./O&M(Operation and Maintenance)/容器及云平台/kubernets&etcd&fannel&docker/镜像注意事项.txt
./O&M(Operation and Maintenance)/容器及云平台/kubernets&etcd&fannel&docker/k8s v1.3.x/kubernetes管理平台Dashboard配置.txt
./O&M(Operation and Maintenance)/容器及云平台/kubernets&etcd&fannel&docker/k8s v1.3.x/kubernetes 1.3新特性.txt
./O&M(Operation and Maintenance)/容器及云平台/kubernets&etcd&fannel&docker/k8s v1.3.x/kubernetes-dashboard.txt
./O&M(Operation and Maintenance)/容器及云平台/kubernets&etcd&fannel&docker/k8s v1.3.x/kubernets使用及启动脚本.txt
./O&M(Operation and Maintenance)/容器及云平台/kubernets&etcd&fannel&docker/k8s v1.3.x/kubernets及相关集群启动次序.txt
./O&M(Operation and Maintenance)/容器及云平台/kubernets&etcd&fannel&docker/k8s v1.3.x/kubectl命令参数及用法.txt
./O&M(Operation and Maintenance)/容器及云平台/kubernets&etcd&fannel&docker/k8s v1.3.x/汇总-docker1.12+k8s1.3.x+flannel+etcd3.0.txt
./O&M(Operation and Maintenance)/容器及云平台/kubernets&etcd&fannel&docker/k8s v1.3.x/kubernets及docker相关FAQ.txt
./O&M(Operation and Maintenance)/容器及云平台/kubernets&etcd&fannel&docker/etcd/etcd安装配置.txt
./O&M(Operation and Maintenance)/容器及云平台/kubernets&etcd&fannel&docker/src/Docker镜像/project/ActiveMQ/集群模式.txt
./O&M(Operation and Maintenance)/容器及云平台/kubernets&etcd&fannel&docker/src/Docker镜像/project/ActiveMQ/技术手册.txt
./O&M(Operation and Maintenance)/容器及云平台/kubernets&etcd&fannel&docker/src/Docker镜像/project/ActiveMQ/activeMQ容器化说明文档.txt
./O&M(Operation and Maintenance)/容器及云平台/kubernets&etcd&fannel&docker/src/Docker镜像/project/base/checkpage.txt
./O&M(Operation and Maintenance)/容器及云平台/kubernets&etcd&fannel&docker/src/Docker镜像/project/clock/checkpage.txt
./O&M(Operation and Maintenance)/容器及云平台/kubernets&etcd&fannel&docker/src/Docker镜像/project/itfc/checkpage.txt
./O&M(Operation and Maintenance)/容器及云平台/kubernets&etcd&fannel&docker/k8s相关yaml文件/容器集群.txt
./O&M(Operation and Maintenance)/容器及云平台/kubernets&etcd&fannel&docker/flannel/flannel安装配置.txt
./O&M(Operation and Maintenance)/容器及云平台/kubernets&etcd&fannel&docker/flannel/docker利用flannel来保证docker容器间的通讯.txt
./O&M(Operation and Maintenance)/容器及云平台/kubernets&etcd&fannel&docker/安装文档/v1.3.10/使用说明.txt
./O&M(Operation and Maintenance)/容器及云平台/kubernets&etcd&fannel&docker/安装文档/v1.3.10/etcd安装配置.txt
./O&M(Operation and Maintenance)/容器及云平台/kubernets&etcd&fannel&docker/安装文档/v1.3.10/维护手册.txt
./O&M(Operation and Maintenance)/容器及云平台/helm.txt
./O&M(Operation and Maintenance)/容器及云平台/Kubernetes Dashboard.txt
./O&M(Operation and Maintenance)/容器及云平台/kubernetes报错.txt
./O&M(Operation and Maintenance)/容器及云平台/kubernetesdashboard -v2.4.0.txt
./O&M(Operation and Maintenance)/容器及云平台/Kubernetes Dashboard - v1.0.1.txt
./O&M(Operation and Maintenance)/容器及云平台/docker/docker network参数.txt
./O&M(Operation and Maintenance)/容器及云平台/docker/docker相关.txt
./O&M(Operation and Maintenance)/容器及云平台/docker/docker基本操作.txt
./O&M(Operation and Maintenance)/容器及云平台/docker/docker代理设置.txt
./O&M(Operation and Maintenance)/容器及云平台/docker/docker inspect参数.txt
./O&M(Operation and Maintenance)/容器及云平台/docker/docker私有仓库.txt
./O&M(Operation and Maintenance)/容器及云平台/docker/docker安装配置.txt
./O&M(Operation and Maintenance)/容器及云平台/docker/镜像及容器操作命令.txt
./O&M(Operation and Maintenance)/容器及云平台/docker/docker容器初始化.txt
./O&M(Operation and Maintenance)/容器及云平台/docker/Dockerfile文件中的启动脚本说明.txt
./O&M(Operation and Maintenance)/容器及云平台/docker/Dockerfile/ 实例手册.txt
./O&M(Operation and Maintenance)/容器及云平台/docker/Dockerfile/dockerfile相关.txt
./O&M(Operation and Maintenance)/容器及云平台/istio/istio及例子.txt
./O&M(Operation and Maintenance)/容器及云平台/mesos/singularity.txt
./O&M(Operation and Maintenance)/容器及云平台/mesos/marathon安装文档.txt
./O&M(Operation and Maintenance)/容器及云平台/mesos/mesos使用启动.txt
./O&M(Operation and Maintenance)/容器及云平台/mesos/marathon使用.txt
./O&M(Operation and Maintenance)/容器及云平台/kubeadm安装k8s/kubeadm安装FAQ.txt
./O&M(Operation and Maintenance)/容器及云平台/kubeadm安装k8s/kubeadm安装k8s.txt
./O&M(Operation and Maintenance)/容器及云平台/docker registry ui(s)/harbor/使用curl的方式操作harbor.txt
./O&M(Operation and Maintenance)/容器及云平台/docker registry ui(s)/harbor/harbor.txt
./O&M(Operation and Maintenance)/容器及云平台/docker registry ui(s)/harbor/FAQ.txt
./O&M(Operation and Maintenance)/容器及云平台/docker registry ui(s)/harbor/readme.txt
./O&M(Operation and Maintenance)/容器及云平台/docker registry ui(s)/harbor/harbor container.txt
./O&M(Operation and Maintenance)/容器及云平台/openshift/openshift包及网盘.txt
./O&M(Operation and Maintenance)/容器及云平台/openshift/centos7无密码登录.txt
./O&M(Operation and Maintenance)/容器及云平台/openshift/node启动日志.txt
./O&M(Operation and Maintenance)/容器及云平台/openshift/readme.txt
./O&M(Operation and Maintenance)/容器及云平台/openshift/使用手册.txt
./O&M(Operation and Maintenance)/容器及云平台/openshift/openshift启动报错日志.txt
./O&M(Operation and Maintenance)/容器及云平台/openshift/centos7安装openshift.txt
./O&M(Operation and Maintenance)/容器及云平台/openshift/openshift相关.txt
./O&M(Operation and Maintenance)/容器及云平台/openshift/80-openshift-sdn.conf.txt
./O&M(Operation and Maintenance)/日志/splunk.txt
./O&M(Operation and Maintenance)/日志/goaccess.txt
./O&M(Operation and Maintenance)/代码仓库/git操作.txt
./O&M(Operation and Maintenance)/代码仓库/svn服务器.txt
./O&M(Operation and Maintenance)/代码仓库/git命令.txt
./O&M(Operation and Maintenance)/服务发现/consul配置手册.txt
./O&M(Operation and Maintenance)/CI&CD/jenkins.txt
./O&M(Operation and Maintenance)/自动化/puppet.txt
./O&M(Operation and Maintenance)/自动化/rundeck容器.txt
./O&M(Operation and Maintenance)/自动化/rundeck2.6.4.txt
./O&M(Operation and Maintenance)/自动化/ansible/ansible配置.txt
./O&M(Operation and Maintenance)/自动化/ansible/ansible支持windows/使用windows的ssh远程功能.txt
./O&M(Operation and Maintenance)/自动化/cobbler自动化安装/cobbler.txt
./O&M(Operation and Maintenance)/自动化/stackstorm/stackstorm技术手册.txt
./O&M(Operation and Maintenance)/自动化/stackstorm/官方操作.txt
./O&M(Operation and Maintenance)/自动化/stackstorm/流程.txt
./O&M(Operation and Maintenance)/自动化/stackstorm/stackstorm表.txt
./O&M(Operation and Maintenance)/自动化/stackstorm/报错.txt
./O&M(Operation and Maintenance)/压力测试/sysbench/sysbench_command.txt
./O&M(Operation and Maintenance)/服务/rsyncd/配置文档.txt
./O&M(Operation and Maintenance)/服务/数据库/my.txt
./O&M(Operation and Maintenance)/服务/数据库/mysql参数调整.txt
./O&M(Operation and Maintenance)/服务/数据库/vitess.txt
./O&M(Operation and Maintenance)/服务/数据库/mysql相关技术及工具.txt
./O&M(Operation and Maintenance)/服务/数据库/oracle学习笔记.txt
./O&M(Operation and Maintenance)/服务/数据库/mysql及集群/Galera Cluster.txt
./O&M(Operation and Maintenance)/服务/数据库/mysql及集群/mysql_connect.txt
./O&M(Operation and Maintenance)/服务/数据库/mysql及集群/mysql查看存储过程.txt
./O&M(Operation and Maintenance)/服务/数据库/mysql及集群/mysql参数.txt
./O&M(Operation and Maintenance)/服务/数据库/mysql及集群/mysql.txt
./O&M(Operation and Maintenance)/服务/数据库/mysql及集群/mysql手册笔记1.txt
./O&M(Operation and Maintenance)/服务/数据库/mysql及集群/galera cluster笔记.txt
./O&M(Operation and Maintenance)/服务/数据库/mysql及集群/mysql手册笔记2.txt
./O&M(Operation and Maintenance)/服务/数据库/mysql及集群/mysql操作.txt
./O&M(Operation and Maintenance)/服务/数据库/mysql及集群/mysql触发器.txt
./O&M(Operation and Maintenance)/服务/数据库/mysql及集群/xtrabackup.txt
./O&M(Operation and Maintenance)/服务/web&cache&中间件/memcache及相关.txt
./O&M(Operation and Maintenance)/服务/web&cache&中间件/php加速器.txt
./O&M(Operation and Maintenance)/服务/web&cache&中间件/tomcat相关/tomcat日志记录.txt
./O&M(Operation and Maintenance)/服务/web&cache&中间件/tomcat相关/tomcat管理平台应用.txt
./O&M(Operation and Maintenance)/服务/web&cache&中间件/varnish/varnish基本操作命令.txt
./O&M(Operation and Maintenance)/服务/web&cache&中间件/varnish/varnish.txt
./O&M(Operation and Maintenance)/服务/web&cache&中间件/varnish/varnish-v4.1.2安装及配置.txt
./O&M(Operation and Maintenance)/服务/web&cache&中间件/nginx/nginx模板文件.txt
./O&M(Operation and Maintenance)/服务/web&cache&中间件/nginx/nginx代码分析/ngx1.txt
./O&M(Operation and Maintenance)/服务/web&cache&中间件/nginx/nginx代码分析/ngx.txt
./O&M(Operation and Maintenance)/服务/web&cache&中间件/nginx/nginx-1.9.9/nginx参数.txt
./O&M(Operation and Maintenance)/服务/web&cache&中间件/nginx/nginx-1.9.9/nginx1.99_install.txt
./O&M(Operation and Maintenance)/服务/NoSQL/redis命令.txt
./O&M(Operation and Maintenance)/服务/NoSQL/redis.txt
./O&M(Operation and Maintenance)/服务/NoSQL/mongodb/mongodb操作.txt
./O&M(Operation and Maintenance)/服务/NoSQL/mongodb/新建文本文档.txt
./O&M(Operation and Maintenance)/服务/NoSQL/mongodb/mongodb.txt
./O&M(Operation and Maintenance)/服务/NoSQL/mongodb/mongodb v4.0.10/readme.txt
./O&M(Operation and Maintenance)/服务/负载均衡/lvs.txt
./O&M(Operation and Maintenance)/知识库/redmine/redmine.txt
./O&M(Operation and Maintenance)/CMDB/cmdbuild/cmdbuild.txt
./O&M(Operation and Maintenance)/分布式系统/torus.txt
./O&M(Operation and Maintenance)/分布式系统/fastdfs客户端及返回值.txt
./O&M(Operation and Maintenance)/分布式系统/glusterFS/安装配置手册.txt
./O&M(Operation and Maintenance)/分布式系统/glusterFS/glusterFS-20170322故障.txt
./O&M(Operation and Maintenance)/分布式系统/hadoop2.7.1/hadoop2.4.1.txt
./O&M(Operation and Maintenance)/分布式系统/hadoop2.7.1/hadoop2.7.1配置.txt
./O&M(Operation and Maintenance)/分布式系统/hadoop2.7.1/hadoop-2.7.1_hbae-1.1.2详细配置.txt
./O&M(Operation and Maintenance)/分布式系统/hadoop2.7.1/hadoop1.2.1.txt
./O&M(Operation and Maintenance)/分布式系统/ceph/安装配置.txt
./O&M(Operation and Maintenance)/监控/cacti时间精度.txt
./O&M(Operation and Maintenance)/监控/rrdtool.txt
./O&M(Operation and Maintenance)/监控/prometheus/readme.txt
./O&M(Operation and Maintenance)/监控/cacti/snmp.txt
./O&M(Operation and Maintenance)/监控/cacti/cacti.txt
./O&M(Operation and Maintenance)/监控/zabbix/zabbix 2.4.6安装配置.txt
./O&M(Operation and Maintenance)/监控/zabbix/zabbix v4.4.x/zabbix agent配置.txt
./O&M(Operation and Maintenance)/监控/zabbix/zabbix v4.4.x/zabbix监控postgres.txt
./O&M(Operation and Maintenance)/监控/zabbix/zabbix v4.4.x/zabbix监控rabbitmq.txt
./O&M(Operation and Maintenance)/监控/zabbix/zabbix v4.4.x/zabbix监控redis.txt
./O&M(Operation and Maintenance)/监控/zabbix/zabbix v4.4.x/zabbix监控mongodb.txt
./O&M(Operation and Maintenance)/监控/nagios4.1.1/安装配置.txt
./O&M(Operation and Maintenance)/监控/cacti修改连接数据库端口.txt
./O&M(Operation and Maintenance)/监控/nagios的nrpe安装设置.txt
./O&M(Operation and Maintenance)/系统,应用,工具程序/mutt邮件命令行工具.txt
./O&M(Operation and Maintenance)/系统,应用,工具程序/curl.txt
./O&M(Operation and Maintenance)/系统,应用,工具程序/curl命令详解.txt
./O&M(Operation and Maintenance)/系统,应用,工具程序/ip命令参数.txt
./O&M(Operation and Maintenance)/系统,应用,工具程序/修改全局代理变量.txt
./O&M(Operation and Maintenance)/系统,应用,工具程序/shell执行错误提示.txt
./O&M(Operation and Maintenance)/系统,应用,工具程序/ulimit参数.txt
./O&M(Operation and Maintenance)/系统,应用,工具程序/动态静态库.txt
./O&M(Operation and Maintenance)/系统,应用,工具程序/murder.txt
./O&M(Operation and Maintenance)/系统,应用,工具程序/小型代理.txt
./O&M(Operation and Maintenance)/系统,应用,工具程序/raid及相关.txt
./O&M(Operation and Maintenance)/系统,应用,工具程序/TCP数据包分析.txt
./O&M(Operation and Maintenance)/系统,应用,工具程序/linux编译有关命令.txt
./O&M(Operation and Maintenance)/系统,应用,工具程序/glances.txt
./O&M(Operation and Maintenance)/系统,应用,工具程序/tengine安装(失败).txt
./O&M(Operation and Maintenance)/系统,应用,工具程序/SharePoint安装使用.txt
./O&M(Operation and Maintenance)/系统,应用,工具程序/dbt2安装及压力测试.txt
./O&M(Operation and Maintenance)/系统,应用,工具程序/iptables内网共享上网.txt
./O&M(Operation and Maintenance)/系统,应用,工具程序/iredmail 设置.txt
./O&M(Operation and Maintenance)/系统,应用,工具程序/linux服务器记录登录后所有操作.txt
./O&M(Operation and Maintenance)/系统,应用,工具程序/linux date命令及函数.txt
./O&M(Operation and Maintenance)/系统,应用,工具程序/linux log设置.txt
./O&M(Operation and Maintenance)/系统,应用,工具程序/linux rsync设置.txt
./O&M(Operation and Maintenance)/系统,应用,工具程序/mediawiki安装配置.txt
./kubernetes 官方文档 - 概念(未完).txt
./jenkins.txt
./shell使用.txt
./docker 19.x 相关 - 来之官方文档.txt
./rundeck容器.txt
./awk使用.txt
./shell及管道,awk技巧.txt
./curl命令详解.txt
./iptables删除某条记录.txt
./gdb调试.txt
./xargs使用.txt
./git命令.txt
./k8s 日常操作&k8s v1.30.0备份/污点和容忍度.txt
./k8s 日常操作&k8s v1.30.0备份/通过 kubeadm 升级 k8s 配置 feature gates 失败(已解决).txt
./k8s 日常操作&k8s v1.30.0备份/kubernetes 官方文档 - 任务/k8s operation-3.txt
./k8s 日常操作&k8s v1.30.0备份/kubernetes 官方文档 - 任务/k8s operation-9.txt
./k8s 日常操作&k8s v1.30.0备份/kubernetes 官方文档 - 任务/k8s operation-索引.txt
./k8s 日常操作&k8s v1.30.0备份/kubernetes 官方文档 - 任务/k8s operation-4.txt
./k8s 日常操作&k8s v1.30.0备份/kubernetes 官方文档 - 任务/k8s operation-7.txt
./k8s 日常操作&k8s v1.30.0备份/kubernetes 官方文档 - 任务/k8s operation-1.txt
./k8s 日常操作&k8s v1.30.0备份/kubernetes 官方文档 - 任务/k8s operation-2.txt
./k8s 日常操作&k8s v1.30.0备份/kubernetes 官方文档 - 任务/k8s operation-5.txt
./k8s 日常操作&k8s v1.30.0备份/kubernetes 官方文档 - 任务/k8s operation-8.txt
./k8s 日常操作&k8s v1.30.0备份/kubernetes 官方文档 - 任务/k8s operation-6.txt
./k8s 日常操作&k8s v1.30.0备份/kubernetes 官方文档 - 任务/k8s operation-10.txt
./OS/freebsd 12.0使用.txt
./OS/coreos-install.txt
./OS/coreos.txt
./OS/ubuntu/clean.txt
./OS/ubuntu/pkg.txt
./tensorflow/keras 使用流程.txt
./tensorflow/使用keras 来进行训练流程.txt
./tensorflow/keras 3.9 中的层.txt
./tensorflow/tensorflow 安装配置.txt
./tensorflow/python 中类普及知识.txt
./tensorflow/python 中的 with as 关键字.txt
./tensorflow/tensorflow 2.16.1 API.txt
./tensorflow/keras 3.9 API 简述.txt
./tensorflow/keras 3.9 API - OPS API 函数.txt
./tensorflow/colab(google神经网络训练平台) 使用方式.txt
./tensorflow/必备知识/keras 3.9 - Datasets.txt
./tensorflow/必备知识/numpy/np.where 和 np.nonzero 函数.txt
./tensorflow/Keras(中英对照)/使用具有对比损失的 Siamese 网络进行图像相似度估计.txt
./tensorflow/Keras(中英对照)/keras model 类的方法.txt
./tensorflow/Keras(中英对照)/关于在<使用具有对比损失的 Siamese 网络进行图像相似度估计>文档中的思考及问题.txt
./tensorflow/Keras(中英对照)/8. 核心层(Core layers)  -  Lambda layer.txt
./tensorflow/Keras(中英对照)/20. 池化层(Pooling layers) - MaxPooling1D layer.txt
./tensorflow/Keras(中英对照)/10. 卷积层(Convolution layers) - Conv1D layer.txt
./tensorflow/Keras(中英对照)/11. 卷积层(Convolution layers) - Conv2D layer.txt
./tensorflow/Keras(中英对照)/12. 卷积层(Convolution layers) - Conv3D layer.txt
./tensorflow/Keras(中英对照)/4. 核心层(Core layers) - einsum_dense.txt
./tensorflow/Keras(中英对照)/19. 卷积层(Convolution layers) - Conv3DTranspose layer.txt
./tensorflow/Keras(中英对照)/30. 池化层(Pooling layers) - GlobalAveragePooling2D layer.txt
./tensorflow/Keras(中英对照)/14. 卷积层(Convolution layers) - SeparableConv2D layer.txt
./tensorflow/Keras(中英对照)/13. 卷积层(Convolution layers) - SeparableConv1D layer.txt
./tensorflow/Keras(中英对照)/3. 核心层(Core layers)  - Dense 层.txt
./tensorflow/Keras(中英对照)/9. 核心层(Core layers)  -  Identity layer.txt
./tensorflow/Keras(中英对照)/16. 卷积层(Convolution layers) - DepthwiseConv2D layer.txt
./tensorflow/Keras(中英对照)/15. 卷积层(Convolution layers) - DepthwiseConv1D layer.txt
./tensorflow/Keras(中英对照)/17. 卷积层(Convolution layers) - Conv1DTranspose layer.txt
./tensorflow/Keras(中英对照)/1. 核心层(Core layers) - Input对象.txt
./tensorflow/Keras(中英对照)/18. 卷积层(Convolution layers) - Conv2DTranspose layer.txt
./tensorflow/Keras(中英对照)/卷积层及池化层,全连接层作用描述.txt
./tensorflow/Keras(中英对照)/21. 池化层(Pooling layers) - MaxPooling2D layer.txt
./tensorflow/Keras(中英对照)/0. readme.txt
./tensorflow/Keras(中英对照)/23. 池化层(Pooling layers) - AveragePooling1D layer.txt
./tensorflow/Keras(中英对照)/24. 池化层(Pooling layers) - AveragePooling2D layer.txt
./tensorflow/Keras(中英对照)/22. 池化层(Pooling layers) - MaxPooling3D layer.txt
./tensorflow/Keras(中英对照)/26. 池化层(Pooling layers) - GlobalMaxPooling1D layer.txt
./tensorflow/Keras(中英对照)/25. 池化层(Pooling layers) -  AveragePooling3D layer.txt
./tensorflow/Keras(中英对照)/27. 池化层(Pooling layers) - GlobalMaxPooling2D layer.txt
./tensorflow/Keras(中英对照)/31. 池化层(Pooling layers) - GlobalAveragePooling3D layer.txt
./tensorflow/Keras(中英对照)/29. 池化层(Pooling layers) - GlobalAveragePooling1D layer.txt
./tensorflow/Keras(中英对照)/28. 池化层(Pooling layers) - GlobalMaxPooling3D layer.txt
./tensorflow/Keras(中英对照)/5. 核心层(Core layers) - Activation 层.txt
./tensorflow/Keras(中英对照)/2. 核心层(Core layers) - InputSpec 对象.txt
./tensorflow/Keras(中英对照)/7. 核心层(Core layers)  - Masking layer.txt
./tensorflow/Keras(中英对照)/6. 核心层(Core layers)  - Embedding layer.txt
./tensorflow/python 基础知识点/python 中类普及知识.txt
./tensorflow/python 基础知识点/python 中的 with as 关键字.txt
./tensorflow/python 基础知识点/python 中多个循环变量在多个队列中循环.txt
./tensorflow/python 基础知识点/python 使用单句在list 中循环.txt
./k8s,docker,etcd,elk,harbor 操作笔记/ELK 简单配置及filebeat,fluentd 推送日志到 ELK.txt
./k8s,docker,etcd,elk,harbor 操作笔记/OPA(Open Policy Agent).txt
./k8s,docker,etcd,elk,harbor 操作笔记/k8s 卷,持久卷等等存储资源描述.txt
./k8s,docker,etcd,elk,harbor 操作笔记/RBAC 设置及操作.txt
./k8s,docker,etcd,elk,harbor 操作笔记/k8s Gatekeeper(OPA) 设置.txt
./k8s,docker,etcd,elk,harbor 操作笔记/kubernetesdashboard -v2.4.0.txt
./k8s,docker,etcd,elk,harbor 操作笔记/harbor 修改连接方式.txt
./k8s,docker,etcd,elk,harbor 操作笔记/k8s ingress-nginx 设置.txt
./k8s,docker,etcd,elk,harbor 操作笔记/helm.txt
./k8s,docker,etcd,elk,harbor 操作笔记/etcdctl 命令及 k8s 的数据结构说明.txt
./k8s,docker,etcd,elk,harbor 操作笔记/etcd/etcd v3.3.13 参数,证书及启动.txt
./k8s,docker,etcd,elk,harbor 操作笔记/etcd/etcd v3.5/etcd v3.5 使用系统服务启动及证书生成.txt
./k8s,docker,etcd,elk,harbor 操作笔记/kubernetes-client初始安装配置.txt
./手动配置 kubernetes/LB/Load balance setup.txt
./手动配置 kubernetes/K8S/k8s setup.txt
./Scripting language/php/symfony.txt
./Scripting language/php/Laravel/laravel安装.txt
./Scripting language/perl笔记/perl入门学习笔记.txt
./Scripting language/perl笔记/perl正则表达式汇总.txt
./Scripting language/perl笔记/文件操作.txt
./Scripting language/perl笔记/localtime,stats函数.txt
./Scripting language/perl笔记/perl dbi~.txt
./Scripting language/perl笔记/get_cpu.txt
./Scripting language/perl笔记/子程序传递引用.txt
./Scripting language/perl笔记/文件时间对比~.txt
./Scripting language/perl笔记/字符串处理函数~.txt
./Scripting language/perl笔记/文件操作~.txt
./Scripting language/perl笔记/localtime,stats函数~.txt
./Scripting language/perl笔记/perl系统变量.txt
./Scripting language/perl笔记/字符串处理函数.txt
./Scripting language/perl笔记/perl学习笔记.txt
./Scripting language/perl笔记/perl实现自动化管理.txt
./Scripting language/perl笔记/perl dbi.txt
./Scripting language/perl笔记/符号应用(typeglob,别名).txt
./Scripting language/perl笔记/文件时间对比.txt
./Languages/CMakeLists.txt
./Languages/eclipse快捷键.txt
./Languages/eplise中项目文件的设置.txt
./Languages/R语言.txt
./Languages/sourcetrail.txt
./Languages/c++/设计模式/singleton模式.txt
./Languages/c++/设计模式/Decorator模式.txt
./Languages/c++/设计模式/template模式.txt
./Languages/c++/设计模式/Strategy模式.txt
./Languages/c++/设计模式/Facade模式.txt
./Languages/c++/设计模式/Flyweight模式.txt
./Languages/c++/设计模式/Proxy模式.txt
./Languages/c++/设计模式/observer模式.txt
./Languages/c++/设计模式/builder模式.txt
./Languages/c++/设计模式/factory模式.txt
./Languages/c++/设计模式/Bridge模式.txt
./Languages/c++/设计模式/AbstractFactory模式.txt
./Languages/c++/设计模式/Adapter模式.txt
./Languages/c++/指针/字符串库函数.txt
./Languages/c++/指针/队列.txt
./Languages/c++/指针/结构作为参数(指针,引用).txt
./Languages/c++/指针/指针与一维数组.txt
./Languages/c++/指针/指针及结构.txt
./Languages/c++/指针/指针const操作.txt
./Languages/c++/指针/指针,引用.txt
./Languages/c++/指针/堆栈.txt
./Languages/c++/指针/字符串指针操作.txt
./Languages/c++/指针/指針參數,值參數.txt
./Languages/c++/指针/函数指针.txt
./Languages/c++/指针/双向链表.txt
./Languages/c++/指针/new,delete,malloc,free.txt
./Languages/c++/函数/md5函数.txt
./Languages/c++/函数/struct ip.txt
./Languages/c++/函数/struct tcphdr.txt
./Languages/c++/函数/string和char转换.txt
./Languages/c++/函数/main()函数.txt
./Languages/c++/函数/sendto.txt
./Languages/c++/函数/stat.txt
./Languages/c++/函数/c++时间函数转换到其他格式.txt
./Languages/c++/函数/pthread.txt
./Languages/c++/函数/fcntl.txt
./Languages/c++/函数/free.txt
./Languages/c++/函数/gethostbyname.txt
./Languages/c++/函数/close.txt
./Languages/c++/函数/c++(时间函数).txt
./Languages/c++/函数/assert.txt
./Languages/c++/函数/calloc.txt
./Languages/c++/函数/sockaddr_in.txt
./Languages/c++/函数/mem系列函数/memset.txt
./Languages/c++/函数/mem系列函数/memcpy.txt
./Languages/c++/函数/mem系列函数/memmove.txt
./Languages/c++/google glog日志库/事例.txt
./Languages/c++/线程/线程相关.txt
./Languages/c++/线程/shared_ptr与线程安全队列与栈.txt
./Languages/c++/线程/通用FAQ.txt
./Languages/c++/线程/前20大C++多线程错误以及如何避免这些错误.txt
./Languages/c++/线程/eclipse线程设置.txt
./Languages/c++/线程/条件变量.txt
./Languages/c++/线程/futre,async,promise,packaged_task.txt
./Languages/c++/库/boost/noncopyable&enable_shared_from _this.txt
./Languages/c++/库/boost/boost库列表.txt
./Languages/c++/库/boost/日期和时间.txt
./Languages/c++/库/boost/boost同步.txt
./Languages/c++/库/boost/any.txt
./Languages/c++/库/boost/program_options~.txt
./Languages/c++/库/boost/boost程序.txt
./Languages/c++/库/boost/boost及eclipse.txt
./Languages/c++/库/boost/function&bind.txt
./Languages/c++/库/boost/boost安装.txt
./Languages/c++/库/boost/program_options.txt
./Languages/c++/库/pistache.txt
./Languages/c++/库/google abseil.txt
./Languages/c++/库/构造get请求头.txt
./Languages/c++/库/thrift.txt
./Languages/c++/库/tbb.txt
./Languages/c++/库/muduo.txt
./Languages/c++/库/mpich.txt
./Languages/c++/库/libpacp.txt
./Languages/c++/库/libmemcached.txt
./Languages/c++/库/libhdfs.txt
./Languages/c++/库/libevent.txt
./Languages/c++/库/hpx.txt
./Languages/c++/库/ACE.txt
./Languages/c++/库/pistache/实现及实例.txt
./Languages/c++/库/pistache/官方文档翻译.txt
./Languages/c++/库/grpc/gRPC.txt
./Languages/c++/库/grpc/无标题文档 3.txt
./Languages/c++/库/grpc/无标题文档 2.txt
./Languages/c++/库/grpc/gperftools.txt
./Languages/c++/库/grpc/google protocol buff.txt
./Languages/c++/googletest/属性.txt
./Languages/c++/c++11/c++11支持.txt
./Languages/c++/c++11/Tuple.txt
./Languages/c++/c++11/pimpl技法.txt
./Languages/c++/c++11/智能指针.txt
./Languages/c++/c++11/c++报错.txt
./Languages/c++/c++11/c++笔记.txt
./Languages/c++/c++11/C ++技术文章片段.txt
./Languages/c++/c++11/ecplise 设置.txt
./Languages/c++/gcc 编译选项.txt
./Languages/c++/struct tcphdr.txt
./Languages/c++/c++中的坑与注意事项.txt
./Languages/c++/c++中奇怪的关键字.txt
./Languages/c++/关于STL的经验.txt
./Languages/c++/gethostbyname.txt
./Languages/c++/struct ip.txt
./Languages/c++/sockaddr_in.txt
./Languages/c++/pthread.txt
./Languages/c++/变参函数.txt
./Languages/c++/精度.txt
./Languages/c++/IO.txt
./Languages/c++/操作符重载.txt
./Languages/c++/sendto.txt
./Languages/c++/mutable.txt
./Languages/c++/代码风格.txt
./Languages/c++/最小公倍数和最大公约数.txt
./Languages/c++/规则及有效方法.txt
./Languages/c++/强制类型转换.txt
./Languages/c++/我们必须.txt
./Languages/c++/debug.txt
./Languages/c++/eplise中项目文件的设置.txt
./Languages/c++/gcc编译错误.txt
./Languages/c++/this指針.txt
./Languages/c++/时间对换.txt
./Languages/c++/类型长度头文件.txt
./Languages/c++/基本类型及占位.txt
./Languages/c++/去除const属性.txt
./Languages/c++/容器.txt
./Languages/c++/变参模板.txt
./Languages/golang/go语言.txt
./Languages/gcc/手动编译.txt
./Languages/gcc/codeviz+graphviz.txt
./Languages/gcc/gcc4.8.2编译.txt
./网络穿透/nps/nps配置说明.txt
./shell及管道技巧.txt
./tldr 命令,man 的简易版本.txt
./vim 设置.txt
./shell条件判断.txt
./sed 例子.txt
./shell 工具汇总说明(good).txt
./vs code 配置.txt
./linux 命令解释/linux eval 命令.txt
./linux 命令解释/join 命令.txt
./linux 命令解释/linux 性能分析工具.txt
./linux 命令解释/git 命令.txt
./linux 命令解释/fmt 命令.txt
./linux 命令解释/split 命令.txt
./linux 命令解释/iptables删除某条记录.txt
./linux 命令解释/shuf 命令.txt
./linux 命令解释/csplit 命令.txt
./linux 命令解释/look 命令.txt
./linux 命令解释/ltrace 命令.txt
./linux 命令解释/strace 命令.txt
./linux 命令解释/xargs 使用.txt
./linux 命令解释/curl 命令详解.txt
./linux 命令解释/yes 命令.txt
./c++ 笔记/类设计.txt
./c++ 笔记/C++11 开始使用的新特性.txt
./c++ 笔记/C++11 开始弃用的特性.txt
./c++ 笔记/Lambda语法.txt
./c++ 笔记/boost beast 库.txt
./c++ 笔记/gcc 编译选项.txt
./c++ 笔记/c+ 11 冒号循环.txt
./c++ 笔记/typedef 说明.txt
./c++ 笔记/c++类设计之前需要考虑的问题.txt
./c++ 笔记/pistache/实现及实例.txt
./c++ 笔记/pistache/官方文档翻译.txt
./c++ 笔记/设计模式/template模式.txt
./c++ 笔记/设计模式/singleton模式.txt
./c++ 笔记/设计模式/Bridge模式.txt
./c++ 笔记/设计模式/Proxy模式.txt
./c++ 笔记/设计模式/Strategy模式.txt
./c++ 笔记/设计模式/AbstractFactory模式.txt
./c++ 笔记/设计模式/observer模式.txt
./c++ 笔记/设计模式/Flyweight模式.txt
./c++ 笔记/设计模式/Adapter模式.txt
./c++ 笔记/设计模式/Decorator模式.txt
./c++ 笔记/设计模式/Facade模式.txt
./c++ 笔记/设计模式/builder模式.txt
./c++ 笔记/设计模式/factory模式.txt
./c++ 笔记/grpc/gRPC 使用.txt
./c++ 笔记/grpc/gRPC.txt
./c++ 笔记/grpc/无标题文档 3.txt
./c++ 笔记/grpc/google protocol buff.txt
./c++ 笔记/grpc/gperftools.txt
./c++ 笔记/grpc/无标题文档 2.txt
./c++ 笔记/关于指针.txt
./c++ 笔记/侯捷/www.jjhou.com/houjie_image/boolan/jjhou.boolan.com/course-generic-yzu.txt
./c++ 笔记/侯捷/www.jjhou.com/houjie_image/boolan/jjhou.boolan.com/qa-cpp-primer-27.txt
./c++ 笔记/侯捷/www.jjhou.com/houjie_image/boolan/jjhou.boolan.com/qa-essential-cpp.txt
./k8s v1.14/dns.txt
./docker registry ui(s)/harbor/FAQ.txt
./docker registry ui(s)/harbor/harbor.txt
./docker registry ui(s)/harbor/使用curl的方式操作harbor.txt
./ansible/ansible 2.17 安装使用手册.txt
./ansible/ansible 安装配置手册.txt
./django 相关/django 学习.txt
./django 相关/python 的fabric 库.txt
./django 相关/bigtree 项目.txt
./django 相关/python 3.x 学习.txt
./django 相关/django 视频学习记录.txt
./k8s v1.29.3 安装及升级.txt
./no sync.txt
